
=== Fri Oct  5 15:47:15 2018

Packages were changed.
Update Mode: updateDependencies

The following packages were added:
  com.unity.collab-proxy@1.2.9
The following packages were updated:
  com.unity.package-manager-ui from version 2.0.0-preview.3 to 2.0.0-preview.7

=== Thu Oct 11 21:51:25 2018

Packages were changed.
Update Mode: updateDependencies

The following packages were updated:
  com.unity.package-manager-ui from version 2.0.0-preview.7 to 2.0.1

=== Tue Oct 30 17:45:06 2018

Packages were changed.
Update Mode: updateDependencies

The following packages were updated:
  com.unity.collab-proxy from version 1.2.9 to 1.2.11
  com.unity.package-manager-ui from version 2.0.1 to 2.0.2

=== Wed Nov 14 23:19:56 2018

Packages were changed.
Update Mode: updateDependencies

The following packages were updated:
  com.unity.package-manager-ui from version 2.0.2 to 2.0.3
